0 info it worked if it ends with ok
1 verbose cli [ 'C:\\Program Files\\nodejs\\\\node.exe',
1 verbose cli   'C:\\Program Files\\nodejs\\node_modules\\npm\\bin\\npm-cli.js',
1 verbose cli   'install',
1 verbose cli   'gifjs' ]
2 info using npm@1.4.14
3 info using node@v0.10.29
4 verbose node symlink C:\Program Files\nodejs\\node.exe
5 verbose cache add [ 'gifjs', null ]
6 verbose cache add name=undefined spec="gifjs" args=["gifjs",null]
7 verbose parsed url { protocol: null,
7 verbose parsed url   slashes: null,
7 verbose parsed url   auth: null,
7 verbose parsed url   host: null,
7 verbose parsed url   port: null,
7 verbose parsed url   hostname: null,
7 verbose parsed url   hash: null,
7 verbose parsed url   search: null,
7 verbose parsed url   query: null,
7 verbose parsed url   pathname: 'gifjs',
7 verbose parsed url   path: 'gifjs',
7 verbose parsed url   href: 'gifjs' }
8 silly lockFile 20fd13ca-gifjs gifjs
9 verbose lock gifjs C:\Users\Alex\AppData\Roaming\npm-cache\20fd13ca-gifjs.lock
10 silly lockFile 20fd13ca-gifjs gifjs
11 silly lockFile 20fd13ca-gifjs gifjs
12 verbose addNamed [ 'gifjs', '' ]
13 verbose addNamed [ null, '*' ]
14 silly lockFile be8180f3-gifjs gifjs@
15 verbose lock gifjs@ C:\Users\Alex\AppData\Roaming\npm-cache\be8180f3-gifjs.lock
16 silly addNameRange { name: 'gifjs', range: '*', hasData: false }
17 verbose url raw gifjs
18 verbose url resolving [ 'https://registry.npmjs.org/', './gifjs' ]
19 verbose url resolved https://registry.npmjs.org/gifjs
20 info trying registry request attempt 1 at 01:55:18
21 http GET https://registry.npmjs.org/gifjs
22 http 404 https://registry.npmjs.org/gifjs
23 verbose headers { date: 'Wed, 17 Sep 2014 23:55:13 GMT',
23 verbose headers   server: 'CouchDB/1.5.0 (Erlang OTP/R16B03)',
23 verbose headers   'content-type': 'application/json',
23 verbose headers   'cache-control': 'max-age=0',
23 verbose headers   'content-length': '52',
23 verbose headers   'accept-ranges': 'bytes',
23 verbose headers   via: '1.1 varnish',
23 verbose headers   age: '0',
23 verbose headers   'x-served-by': 'cache-fra1228-FRA',
23 verbose headers   'x-cache': 'MISS',
23 verbose headers   'x-cache-hits': '0',
23 verbose headers   'x-timer': 'S1410998113.680020,VS0,VE110',
23 verbose headers   'keep-alive': 'timeout=10, max=50',
23 verbose headers   connection: 'Keep-Alive' }
24 silly registry.get cb [ 404,
24 silly registry.get   { date: 'Wed, 17 Sep 2014 23:55:13 GMT',
24 silly registry.get     server: 'CouchDB/1.5.0 (Erlang OTP/R16B03)',
24 silly registry.get     'content-type': 'application/json',
24 silly registry.get     'cache-control': 'max-age=0',
24 silly registry.get     'content-length': '52',
24 silly registry.get     'accept-ranges': 'bytes',
24 silly registry.get     via: '1.1 varnish',
24 silly registry.get     age: '0',
24 silly registry.get     'x-served-by': 'cache-fra1228-FRA',
24 silly registry.get     'x-cache': 'MISS',
24 silly registry.get     'x-cache-hits': '0',
24 silly registry.get     'x-timer': 'S1410998113.680020,VS0,VE110',
24 silly registry.get     'keep-alive': 'timeout=10, max=50',
24 silly registry.get     connection: 'Keep-Alive' } ]
25 silly lockFile be8180f3-gifjs gifjs@
26 silly lockFile be8180f3-gifjs gifjs@
27 error 404 404 Not Found: gifjs
27 error 404
27 error 404 'gifjs' is not in the npm registry.
27 error 404 You should bug the author to publish it
27 error 404
27 error 404 Note that you can also install from a
27 error 404 tarball, folder, or http url, or git url.
28 error System Windows_NT 6.2.9200
29 error command "C:\\Program Files\\nodejs\\\\node.exe" "C:\\Program Files\\nodejs\\node_modules\\npm\\bin\\npm-cli.js" "install" "gifjs"
30 error cwd c:\Users\Alex\Documents\GitHub\js13k
31 error node -v v0.10.29
32 error npm -v 1.4.14
33 error code E404
34 verbose exit [ 1, true ]
